<?xml version="1.0" encoding="UTF-8"?>
<testng-results skipped="0" failed="0" ignored="0" total="1" passed="1">
  <reporter-output>
  </reporter-output>
  <suite name="Default suite" duration-ms="111" started-at="2022-02-23T11:20:25Z" finished-at="2022-02-23T11:20:26Z">
    <groups>
    </groups>
    <test name="Default test" duration-ms="111" started-at="2022-02-23T11:20:25Z" finished-at="2022-02-23T11:20:26Z">
      <class name="org.annotation.TestNggggg">
        <test-method status="PASS" signature="beforeclass()[pri:0, instance:org.annotation.TestNggggg@7d9d1a19]" name="beforeclass" is-config="true" duration-ms="37" started-at="2022-02-23T11:20:25Z" finished-at="2022-02-23T11:20:25Z">
          <reporter-output>
          </reporter-output>
        </test-method> <!-- beforeclass -->
        <test-method status="PASS" signature="test1()[pri:0, instance:org.annotation.TestNggggg@7d9d1a19]" name="test1" duration-ms="12" started-at="2022-02-23T11:20:25Z" finished-at="2022-02-23T11:20:26Z">
          <reporter-output>
          </reporter-output>
        </test-method> <!-- test1 -->
        <test-method status="PASS" signature="afterclass()[pri:0, instance:org.annotation.TestNggggg@7d9d1a19]" name="afterclass" is-config="true" duration-ms="1" started-at="2022-02-23T11:20:26Z" finished-at="2022-02-23T11:20:26Z">
          <reporter-output>
          </reporter-output>
        </test-method> <!-- afterclass -->
      </class> <!-- org.annotation.TestNggggg -->
    </test> <!-- Default test -->
  </suite> <!-- Default suite -->
</testng-results>
